
ROM used:   2725/8192 (33%)
            2733/8192 (33%) including unused fragments

            1.2 Average locations per line
            9.2 Average locations per statement

RAM used:   22/368 (6%) at main() level
            54/368 (15%) worst case

Stack used: 6 worst case (6 in main + 0 for interrupts)
Stack size: 8

Lines Stmts  %   Files
----- ----- ---  -----
  321   196  66  main.c
  752     0   0  ..\..\..\..\Program Files (x86)\PICC\devices\16F886.h
   37     0   0  ..\..\..\..\Program Files (x86)\PICC\drivers\stdio.h
  423     0   0  ..\..\..\..\Program Files (x86)\PICC\drivers\string.h
   32     0   0  ..\..\..\..\Program Files (x86)\PICC\drivers\stddef.h
   28     0   0  ..\..\..\..\Program Files (x86)\PICC\drivers\ctype.h
  163     0   0  ..\..\..\..\Program Files (x86)\PICC\drivers\stdint.h
   34     0   0  ..\..\..\..\Program Files (x86)\PICC\drivers\stdbool.h
  456   100  34  ..\..\..\..\Program Files (x86)\PICC\drivers\lcd.c
----- -----
 2246   296 Total

Page ROM  %  RAM    Vol Diff  Functions:
---- --- --- ---    --- ----  ----------
0     20   1    1             @delay_ms1
0     17   1    1             @delay_us1
0     76   3    1             @GET_TICKS_1
 Inline         3    760  4.5  lcd_read_byte
0     57   2    2    262  3.7  lcd_read_nibble
0     56   2    1    399  2.4  lcd_send_nibble
0    136   5    3    415  3.7  lcd_send_byte
0    104   4    6    852  6.2  lcd_init
0     18   1    4    208  6.3  lcd_gotoxy
0     44   2    1    354  4.7  lcd_putc
0     34   1    1             @PUTCHAR_1_
0     38   1    1             @GETCH_1_
0     24   1    8     56  3.4  GetTickDifference
0     25   1    1     86  1.3  onewire_reset
0     32   1    2    272  4.3  onewire_write
0     37   1    2    279  4.6  onewire_read
0    316  12   13    474  4.3  ds1820_read
 Inline         2             @SITOF
 Inline        14             @DIVFF
1    324  12    4   2367  6.9  MAIN
0      1   0    0             @const810
0     86   3    4             @PSTRINGC7_756
0      3   0    0             @const812
0     88   3    4             @PSTRINGC7_768
1    361  13    1    621  3.3  display
0      1   0    0             @const816
0      3   0    0             @const817
0      3   0    0             @const818
0      3   0    0             @const819
0      3   0    0             @const820
0      1   0    0             @const821
0      1   0    0             @const822
0      9   0    0             @const823
0     21   1    3             @DIV88
 Inline         6             @PRINTF_D_756
 Inline         5             @PSTRINGCN7_756
0    117   4   13             @MULFF
0     31   1    5             @FTOSD
0     79   3   13             @DIV3232
0    197   7   13             @PRINTF_L32D_756FPFPF
0    197   7   13             @PRINTF_L32D_768FPFPF
0    158   6    0    441  3.3  check_temp
 Inline         2             @ITOF
 Inline        10             @FLT
 Inline         0             @cinit1

Program metrics:
    Functions               15
    Statements              296
    Comments                425
    Volume (V)              12637
    Difficulty (D)          59.0
    Effort to implement (E) 745797
    Time to implement (T)   11 hours, 31 minutes
    Est Delivered Bugs (B)  3
    Cyclomatic Complexity   35
    Maintainability (MI)    133

 Segment     Used  Free
-----------  ----  ----
00000-00003     4  0  
00004-007FF  2036  8  
00800-00FFF   685  1363  
01000-017FF     0  2048  
01800-01FFF     0  2048  



